{"name": "Test http code response on job links for casaautoiasi website", "status": "failed", "statusDetails": {"message": "AssertionError: An unexpected error occured [200, 200, 200, 200, 200, 200, 200] [403, 403, 403, 403, 403, 403, 403]", "trace": "get_job_details = ((['CONSULTANT VÂNZĂRI AUTO', 'CONSILIER RECEPŢIE SERVICE', 'RESPONSABIL PIESE', 'CONSILIER VÂNZĂRI PIESE ŞI ACCESORII...riere/#4', 'https://www.casaautoiasi.ro/cariere/#5', 'https://www.casaautoiasi.ro/cariere/#6', ...]), ([], [], [], []))\n\n    @pytest.mark.regression\n    @pytest.mark.API\n    def test_casaautoiasi_status_code_link_api(get_job_details):\n        allure.dynamic.title(f\"Test http code response on job links for {company_name} website\")\n    \n        scraped_jobs_data, peviitor_jobs_data = get_job_details\n        with allure.step(\"Step 1: Get job links from the scraper\"):\n            job_links_scraper = sorted(scraped_jobs_data[3])\n    \n        with allure.step(\"Step 2: Check job links for response code\"):\n            status_codes_expected_result = [200] * len(job_links_scraper)\n            status_codes_actual_result = [requests.get(link).status_code for link in job_links_scraper]\n            allure.attach(f\"Expected Results: {status_codes_expected_result}\", name=\"Expected Results\")\n            allure.attach(f\"Actual Results: {status_codes_actual_result}\", name=\"Actual Results\")\n>           TestUtils().check_code_job_links(status_codes_expected_result, status_codes_actual_result)\n\ntests/Test_API_Suite/test_casaautoiasi.py:101: \n_ _ _ _ _ _ _ _ _ _ _ _ _ _ _ _ _ _ _ _ _ _ _ _ _ _ _ _ _ _ _ _ _ _ _ _ _ _ _ _ \n\nself = <tests.utils.TestUtils object at 0x7fb34820cc10>\nstatus_codes_expected_result = [200, 200, 200, 200, 200, 200, ...]\nstatus_codes_actual_result = [403, 403, 403, 403, 403, 403, ...]\n\n    def check_code_job_links(self, status_codes_expected_result, status_codes_actual_result):\n        http_codes = self.get_missing_items(status_codes_expected_result, status_codes_actual_result)\n        msg = \"\"\n    \n        if not http_codes:\n            msg = f\"Some job links from scraper do not return 200 http status code: {http_codes}\"\n            allure.step(msg)\n    \n        if not status_codes_expected_result and not status_codes_actual_result:\n            msg = f\"Scraper is not grabbing any job links\"\n            allure.step(msg)\n            raise AssertionError(msg)\n    \n        if not msg:\n            msg = f\"An unexpected error occured {status_codes_expected_result} {status_codes_actual_result}\"\n>       assert status_codes_expected_result == status_codes_actual_result, msg\nE       AssertionError: An unexpected error occured [200, 200, 200, 200, 200, 200, 200] [403, 403, 403, 403, 403, 403, 403]\n\ntests/utils.py:168: AssertionError"}, "steps": [{"name": "Step 1: Get job links from the scraper", "status": "passed", "start": 1710738682373, "stop": 1710738682374}, {"name": "Step 2: Check job links for response code", "status": "failed", "statusDetails": {"message": "AssertionError: An unexpected error occured [200, 200, 200, 200, 200, 200, 200] [403, 403, 403, 403, 403, 403, 403]\n", "trace": "  File \"/home/runner/work/RaresTestHub/RaresTestHub/tests/Test_API_Suite/test_casaautoiasi.py\", line 101, in test_casaautoiasi_status_code_link_api\n    TestUtils().check_code_job_links(status_codes_expected_result, status_codes_actual_result)\n  File \"/home/runner/work/RaresTestHub/RaresTestHub/tests/utils.py\", line 168, in check_code_job_links\n    assert status_codes_expected_result == status_codes_actual_result, msg\n"}, "attachments": [{"name": "Expected Results", "source": "66f5aa70-97b5-4022-8dd9-7a17bdbef8e5-attachment.attach"}, {"name": "Actual Results", "source": "35bc347c-b792-48c7-b4bf-a2ab5fe6e800-attachment.attach"}], "start": 1710738682374, "stop": 1710738685558}], "start": 1710738682373, "stop": 1710738685558, "uuid": "4551bdb4-83fe-4511-92ca-1c298d88d2b1", "historyId": "8a3084d55dd7eadda916505874812c07", "testCaseId": "8a3084d55dd7eadda916505874812c07", "fullName": "Test_API_Suite.test_casaautoiasi#test_casaautoiasi_status_code_link_api", "labels": [{"name": "tag", "value": "API"}, {"name": "tag", "value": "regression"}, {"name": "parentSuite", "value": "Test_API_Suite"}, {"name": "suite", "value": "test_casaautoiasi"}, {"name": "host", "value": "fv-az1534-326"}, {"name": "thread", "value": "1928-MainThread"}, {"name": "framework", "value": "pytest"}, {"name": "language", "value": "cpython3"}, {"name": "package", "value": "Test_API_Suite.test_casaautoiasi"}]}