{"name": "Test http code response on job links for britishcouncil website", "status": "failed", "statusDetails": {"message": "AssertionError: An unexpected error occured [200, 200, 200, 200, 200, 200, 200] [403, 403, 403, 403, 403, 403, 403]", "trace": "get_job_details = ((['Hourly-paid teacher 1', 'Sales & Customer Services Branch Assistant', 'Hourly-Paid Corporate Courses Teacher', 'Bu...l', 'britishcouncil', 'britishcouncil', ...], ['on-site', 'on-site', 'on-site', 'on-site', 'on-site', 'on-site', ...]))\n\n    @pytest.mark.regression\n    @pytest.mark.API\n    def test_britishcouncil_status_code_link_api(get_job_details):\n        allure.dynamic.title(f\"Test http code response on job links for {company_name} website\")\n    \n        scraped_jobs_data, peviitor_jobs_data = get_job_details\n        with allure.step(\"Step 1: Get job links from the scraper\"):\n            job_links_scraper = sorted(scraped_jobs_data[3])\n    \n        with allure.step(\"Step 2: Check job links for response code\"):\n            status_codes_expected_result = [200] * len(job_links_scraper)\n            status_codes_actual_result = [requests.get(link).status_code for link in job_links_scraper]\n            allure.attach(f\"Expected Results: {status_codes_expected_result}\", name=\"Expected Results\")\n            allure.attach(f\"Actual Results: {status_codes_actual_result}\", name=\"Actual Results\")\n>           TestUtils().check_code_job_links(status_codes_expected_result, status_codes_actual_result)\n\ntests/Test_API_Suite/test_britishcouncil.py:107: \n_ _ _ _ _ _ _ _ _ _ _ _ _ _ _ _ _ _ _ _ _ _ _ _ _ _ _ _ _ _ _ _ _ _ _ _ _ _ _ _ \n\nself = <tests.utils.TestUtils object at 0x7feda66edf90>\nstatus_codes_expected_result = [200, 200, 200, 200, 200, 200, ...]\nstatus_codes_actual_result = [403, 403, 403, 403, 403, 403, ...]\n\n    def check_code_job_links(self, status_codes_expected_result, status_codes_actual_result):\n        http_codes = self.get_missing_items(status_codes_expected_result, status_codes_actual_result)\n        msg = \"\"\n    \n        if not http_codes:\n            msg = f\"Some job links from scraper do not return 200 http status code: {http_codes}\"\n            allure.step(msg)\n    \n        if not status_codes_expected_result and not status_codes_actual_result:\n            msg = f\"Scraper is not grabbing any job links\"\n            allure.step(msg)\n            raise AssertionError(msg)\n    \n        if not msg:\n            msg = f\"An unexpected error occured {status_codes_expected_result} {status_codes_actual_result}\"\n>       assert status_codes_expected_result == status_codes_actual_result, msg\nE       AssertionError: An unexpected error occured [200, 200, 200, 200, 200, 200, 200] [403, 403, 403, 403, 403, 403, 403]\n\ntests/utils.py:268: AssertionError"}, "steps": [{"name": "Step 1: Get job links from the scraper", "status": "passed", "start": 1711948198823, "stop": 1711948198823}, {"name": "Step 2: Check job links for response code", "status": "failed", "statusDetails": {"message": "AssertionError: An unexpected error occured [200, 200, 200, 200, 200, 200, 200] [403, 403, 403, 403, 403, 403, 403]\n", "trace": "  File \"/home/runner/work/RaresTestHub/RaresTestHub/tests/Test_API_Suite/test_britishcouncil.py\", line 107, in test_britishcouncil_status_code_link_api\n    TestUtils().check_code_job_links(status_codes_expected_result, status_codes_actual_result)\n  File \"/home/runner/work/RaresTestHub/RaresTestHub/tests/utils.py\", line 268, in check_code_job_links\n    assert status_codes_expected_result == status_codes_actual_result, msg\n"}, "attachments": [{"name": "Expected Results", "source": "2d49cefb-1ff4-4879-a566-a306f50277db-attachment.attach"}, {"name": "Actual Results", "source": "ebcd7359-ab56-4a13-830c-a54d27723be2-attachment.attach"}], "start": 1711948198823, "stop": 1711948199278}], "start": 1711948198823, "stop": 1711948199279, "uuid": "78413975-41a2-4ffe-acf4-0cea370d0826", "historyId": "ce1d90f77d5ca87defa35066149c816c", "testCaseId": "ce1d90f77d5ca87defa35066149c816c", "fullName": "Test_API_Suite.test_britishcouncil#test_britishcouncil_status_code_link_api", "labels": [{"name": "tag", "value": "API"}, {"name": "tag", "value": "regression"}, {"name": "parentSuite", "value": "Test_API_Suite"}, {"name": "suite", "value": "test_britishcouncil"}, {"name": "host", "value": "fv-az889-320"}, {"name": "thread", "value": "2194-MainThread"}, {"name": "framework", "value": "pytest"}, {"name": "language", "value": "cpython3"}, {"name": "package", "value": "Test_API_Suite.test_britishcouncil"}]}