{"name": "Test http code response on job links for speedservicesatumare website", "status": "failed", "statusDetails": {"message": "AssertionError: Scraper is not grabbing any job links", "trace": "get_job_details = (([], [], [], []), ([], [], [], []))\n\n    @pytest.mark.regression\n    @pytest.mark.API\n    def test_vetro_status_code_link_api(get_job_details):\n        allure.dynamic.title(f\"Test http code response on job links for {company_name} website\")\n    \n        scraped_jobs_data, peviitor_jobs_data = get_job_details\n        with allure.step(\"Step 1: Get job links from the scraper\"):\n            job_links_scraper = sorted(scraped_jobs_data[3])\n    \n        with allure.step(\"Step 2: Check job links for response code\"):\n            status_codes_expected_result = [200] * len(job_links_scraper)\n            status_codes_actual_result = [requests.get(link).status_code for link in job_links_scraper]\n            allure.attach(f\"Expected Results: {status_codes_expected_result}\", name=\"Expected Results\")\n            allure.attach(f\"Actual Results: {status_codes_actual_result}\", name=\"Actual Results\")\n>           TestUtils().check_code_job_links(status_codes_expected_result, status_codes_actual_result)\n\ntests/Test_API_Suite/test_speedservicesatumare.py:101: \n_ _ _ _ _ _ _ _ _ _ _ _ _ _ _ _ _ _ _ _ _ _ _ _ _ _ _ _ _ _ _ _ _ _ _ _ _ _ _ _ \n\nself = <tests.utils.TestUtils object at 0x7f786c788e20>\nstatus_codes_expected_result = [], status_codes_actual_result = []\n\n    def check_code_job_links(self, status_codes_expected_result, status_codes_actual_result):\n        http_codes = self.get_missing_items(status_codes_expected_result, status_codes_actual_result)\n        msg = \"\"\n    \n        if not http_codes:\n            msg = f\"Some job links from scraper do not return 200 http status code: {http_codes}\"\n            allure.step(msg)\n    \n        if not status_codes_expected_result and not status_codes_actual_result:\n            msg = f\"Scraper is not grabbing any job links\"\n            allure.step(msg)\n>           raise AssertionError(msg)\nE           AssertionError: Scraper is not grabbing any job links\n\ntests/utils.py:164: AssertionError"}, "steps": [{"name": "Step 1: Get job links from the scraper", "status": "passed", "start": 1709442649575, "stop": 1709442649575}, {"name": "Step 2: Check job links for response code", "status": "failed", "statusDetails": {"message": "AssertionError: Scraper is not grabbing any job links\n", "trace": "  File \"/home/runner/work/RaresTestHub/RaresTestHub/tests/Test_API_Suite/test_speedservicesatumare.py\", line 101, in test_vetro_status_code_link_api\n    TestUtils().check_code_job_links(status_codes_expected_result, status_codes_actual_result)\n  File \"/home/runner/work/RaresTestHub/RaresTestHub/tests/utils.py\", line 164, in check_code_job_links\n    raise AssertionError(msg)\n"}, "attachments": [{"name": "Expected Results", "source": "4c0599dc-4ee5-4d23-8cba-f5fc5a0e86ce-attachment.attach"}, {"name": "Actual Results", "source": "6c281b1b-574e-4a1f-b9a9-6a84dbe5f9dc-attachment.attach"}], "start": 1709442649575, "stop": 1709442649575}], "start": 1709442649575, "stop": 1709442649575, "uuid": "68415e88-9e17-4571-8371-a785efbd5a62", "historyId": "eecf5a754a7f93ba8b02a815662c2116", "testCaseId": "eecf5a754a7f93ba8b02a815662c2116", "fullName": "Test_API_Suite.test_speedservicesatumare#test_vetro_status_code_link_api", "labels": [{"name": "tag", "value": "API"}, {"name": "tag", "value": "regression"}, {"name": "parentSuite", "value": "Test_API_Suite"}, {"name": "suite", "value": "test_speedservicesatumare"}, {"name": "host", "value": "fv-az1486-762"}, {"name": "thread", "value": "2110-MainThread"}, {"name": "framework", "value": "pytest"}, {"name": "language", "value": "cpython3"}, {"name": "package", "value": "Test_API_Suite.test_speedservicesatumare"}]}