{"name": "Test http code response on job links for vetro website", "status": "failed", "statusDetails": {"message": "AssertionError: Some job links from scraper do not return 200 http status code: []", "trace": "get_job_details = ((['Key Account Manager, divizia Ferme', 'Reprezentant medical Veterinar', 'Reprezentant Medical Veterinar', 'Reprezen...UTIONS S.A. ', 'VETRO SOLUTIONS S.A. ', ...], ['on-site', 'on-site', 'on-site', 'on-site', 'on-site', 'on-site', ...]))\n\n    @pytest.mark.regression\n    @pytest.mark.API\n    def test_vetro_status_code_link_api(get_job_details):\n        allure.dynamic.title(f\"Test http code response on job links for {company_name} website\")\n    \n        scraped_jobs_data, peviitor_jobs_data = get_job_details\n        with allure.step(\"Step 1: Get job links from the scraper\"):\n            job_links_scraper = sorted(scraped_jobs_data[3])\n    \n        with allure.step(\"Step 2: Check job links for response code\"):\n            status_codes_expected_result = [200] * len(job_links_scraper)\n            status_codes_actual_result = [requests.get(link).status_code for link in job_links_scraper]\n            allure.attach(f\"Expected Results: {status_codes_expected_result}\", name=\"Expected Results\")\n            allure.attach(f\"Actual Results: {status_codes_actual_result}\", name=\"Actual Results\")\n>           TestUtils().check_code_job_links(status_codes_expected_result, status_codes_actual_result)\n\ntests/Test_API_Suite/test_vetro.py:108: \n_ _ _ _ _ _ _ _ _ _ _ _ _ _ _ _ _ _ _ _ _ _ _ _ _ _ _ _ _ _ _ _ _ _ _ _ _ _ _ _ \n\nself = <tests.utils.TestUtils object at 0x7fa358e90910>\nstatus_codes_expected_result = [200, 200, 200, 200, 200, 200]\nstatus_codes_actual_result = [200, 200, 200, 404, 200, 200]\n\n    def check_code_job_links(self, status_codes_expected_result, status_codes_actual_result):\n        http_codes = self.get_missing_items(status_codes_expected_result, status_codes_actual_result)\n        msg = \"\"\n    \n        if not http_codes:\n            msg = f\"Some job links from scraper do not return 200 http status code: {http_codes}\"\n            allure.step(msg)\n    \n        if not status_codes_expected_result and not status_codes_actual_result:\n            msg = f\"Scraper is not grabbing any job links\"\n            allure.step(msg)\n            raise AssertionError(msg)\n    \n        if not msg:\n            msg = f\"An unexpected error occured {status_codes_expected_result} {status_codes_actual_result}\"\n>       assert status_codes_expected_result == status_codes_actual_result, msg\nE       AssertionError: Some job links from scraper do not return 200 http status code: []\n\ntests/utils.py:268: AssertionError"}, "steps": [{"name": "Step 1: Get job links from the scraper", "status": "passed", "start": 1718860371774, "stop": 1718860371774}, {"name": "Step 2: Check job links for response code", "status": "failed", "statusDetails": {"message": "AssertionError: Some job links from scraper do not return 200 http status code: []\n", "trace": "  File \"/home/runner/work/RaresTestHub/RaresTestHub/tests/Test_API_Suite/test_vetro.py\", line 108, in test_vetro_status_code_link_api\n    TestUtils().check_code_job_links(status_codes_expected_result, status_codes_actual_result)\n  File \"/home/runner/work/RaresTestHub/RaresTestHub/tests/utils.py\", line 268, in check_code_job_links\n    assert status_codes_expected_result == status_codes_actual_result, msg\n"}, "attachments": [{"name": "Expected Results", "source": "37a5e05e-2f10-449d-8ae7-d0afac063935-attachment.attach"}, {"name": "Actual Results", "source": "10e9a983-d480-45af-98c2-1f0a97ad9c38-attachment.attach"}], "start": 1718860371774, "stop": 1718860385267}], "start": 1718860371774, "stop": 1718860385267, "uuid": "590ab7ca-6d04-470f-8618-6654f0eac1d4", "historyId": "5e9c9e32c7a2d98a674ee8ba9a2cbad6", "testCaseId": "5e9c9e32c7a2d98a674ee8ba9a2cbad6", "fullName": "Test_API_Suite.test_vetro#test_vetro_status_code_link_api", "labels": [{"name": "tag", "value": "API"}, {"name": "tag", "value": "regression"}, {"name": "parentSuite", "value": "Test_API_Suite"}, {"name": "suite", "value": "test_vetro"}, {"name": "host", "value": "fv-az771-824"}, {"name": "thread", "value": "2178-MainThread"}, {"name": "framework", "value": "pytest"}, {"name": "language", "value": "cpython3"}, {"name": "package", "value": "Test_API_Suite.test_vetro"}]}