{"name": "Test http code response on job links for britishcouncil website", "status": "failed", "statusDetails": {"message": "AssertionError: Some job links from scraper do not return 200 http status code: []", "trace": "get_job_details = ((['Profesor de englezÄƒ', 'Academic Branch Coordinator', 'Exams Coordinator Test Day, CMR, Post Exam Processing', 'Sal...s://careers.britishcouncil.org/job/Bucharest-Hourly-paid-teacher-1-Euro/866063701/'], ['britishcouncil'], ['on-site']))\n\n    @pytest.mark.regression\n    @pytest.mark.API\n    def test_britishcouncil_status_code_link_api(get_job_details):\n        allure.dynamic.title(f\"Test http code response on job links for {company_name} website\")\n    \n        scraped_jobs_data, peviitor_jobs_data = get_job_details\n        with allure.step(\"Step 1: Get job links from the scraper\"):\n            job_links_scraper = sorted(scraped_jobs_data[3])\n    \n        with allure.step(\"Step 2: Check job links for response code\"):\n            status_codes_expected_result = [200] * len(job_links_scraper)\n            status_codes_actual_result = [requests.get(link).status_code for link in job_links_scraper]\n            allure.attach(f\"Expected Results: {status_codes_expected_result}\", name=\"Expected Results\")\n            allure.attach(f\"Actual Results: {status_codes_actual_result}\", name=\"Actual Results\")\n>           TestUtils().check_code_job_links(status_codes_expected_result, status_codes_actual_result)\n\ntests/Test_API_Suite/test_britishcouncil.py:107: \n_ _ _ _ _ _ _ _ _ _ _ _ _ _ _ _ _ _ _ _ _ _ _ _ _ _ _ _ _ _ _ _ _ _ _ _ _ _ _ _ \n\nself = <tests.utils.TestUtils object at 0x7f7c6946f070>\nstatus_codes_expected_result = [200, 200, 200, 200, 200, 200]\nstatus_codes_actual_result = [200, 200, 200, 200, 200, 403]\n\n    def check_code_job_links(self, status_codes_expected_result, status_codes_actual_result):\n        http_codes = self.get_missing_items(status_codes_expected_result, status_codes_actual_result)\n        msg = \"\"\n    \n        if not http_codes:\n            msg = f\"Some job links from scraper do not return 200 http status code: {http_codes}\"\n            allure.step(msg)\n    \n        if not status_codes_expected_result and not status_codes_actual_result:\n            msg = f\"Scraper is not grabbing any job links\"\n            allure.step(msg)\n            raise AssertionError(msg)\n    \n        if not msg:\n            msg = f\"An unexpected error occured {status_codes_expected_result} {status_codes_actual_result}\"\n>       assert status_codes_expected_result == status_codes_actual_result, msg\nE       AssertionError: Some job links from scraper do not return 200 http status code: []\n\ntests/utils.py:268: AssertionError"}, "steps": [{"name": "Step 1: Get job links from the scraper", "status": "passed", "start": 1718860197806, "stop": 1718860197807}, {"name": "Step 2: Check job links for response code", "status": "failed", "statusDetails": {"message": "AssertionError: Some job links from scraper do not return 200 http status code: []\n", "trace": "  File \"/home/runner/work/RaresTestHub/RaresTestHub/tests/Test_API_Suite/test_britishcouncil.py\", line 107, in test_britishcouncil_status_code_link_api\n    TestUtils().check_code_job_links(status_codes_expected_result, status_codes_actual_result)\n  File \"/home/runner/work/RaresTestHub/RaresTestHub/tests/utils.py\", line 268, in check_code_job_links\n    assert status_codes_expected_result == status_codes_actual_result, msg\n"}, "attachments": [{"name": "Expected Results", "source": "dd9676ee-2498-48ea-a976-0aafa61d779e-attachment.attach"}, {"name": "Actual Results", "source": "a33a287e-f0c4-409e-bb93-e6c879c789fd-attachment.attach"}], "start": 1718860197807, "stop": 1718860203256}], "start": 1718860197806, "stop": 1718860203256, "uuid": "50c457e8-31b9-4901-9483-b25231745a04", "historyId": "ce1d90f77d5ca87defa35066149c816c", "testCaseId": "ce1d90f77d5ca87defa35066149c816c", "fullName": "Test_API_Suite.test_britishcouncil#test_britishcouncil_status_code_link_api", "labels": [{"name": "tag", "value": "API"}, {"name": "tag", "value": "regression"}, {"name": "parentSuite", "value": "Test_API_Suite"}, {"name": "suite", "value": "test_britishcouncil"}, {"name": "host", "value": "fv-az771-824"}, {"name": "thread", "value": "2181-MainThread"}, {"name": "framework", "value": "pytest"}, {"name": "language", "value": "cpython3"}, {"name": "package", "value": "Test_API_Suite.test_britishcouncil"}]}