{"name": "Test http code response on job links for htecgroup website", "status": "failed", "statusDetails": {"message": "AssertionError: An unexpected error occured [200, 200, 200, 200, 200, 200] [503, 503, 503, 503, 503, 503]", "trace": "get_job_details = ((['Hardware Architect', 'QA Automation Engineer', 'Medical Devices Quality and Regulatory Affairs Expert', 'Software ...up.com/jobs/senior-embedded-python-engineer-tXk', 'https://careers.htecgroup.com/jobs/experienced-data-engineer-tXi']))\n\n    @pytest.mark.regression\n    @pytest.mark.API\n    def test_htecgroup_status_code_link_api(get_job_details):\n        allure.dynamic.title(f\"Test http code response on job links for {company_name} website\")\n    \n        scraped_jobs_data, peviitor_jobs_data = get_job_details\n        with allure.step(\"Step 1: Get job links from the scraper\"):\n            job_links_scraper = sorted(scraped_jobs_data[3])\n    \n        with allure.step(\"Step 2: Check job links for response code\"):\n            status_codes_expected_result = [200] * len(job_links_scraper)\n            status_codes_actual_result = [requests.get(link).status_code for link in job_links_scraper]\n            allure.attach(f\"Expected Results: {status_codes_expected_result}\", name=\"Expected Results\")\n            allure.attach(f\"Actual Results: {status_codes_actual_result}\", name=\"Actual Results\")\n>           TestUtils().check_code_job_links(status_codes_expected_result, status_codes_actual_result)\n\ntests/Test_API_Suite/test_htecgroup.py:101: \n_ _ _ _ _ _ _ _ _ _ _ _ _ _ _ _ _ _ _ _ _ _ _ _ _ _ _ _ _ _ _ _ _ _ _ _ _ _ _ _ \n\nself = <tests.utils.TestUtils object at 0x7fcdaccff5e0>\nstatus_codes_expected_result = [200, 200, 200, 200, 200, 200]\nstatus_codes_actual_result = [503, 503, 503, 503, 503, 503]\n\n    def check_code_job_links(self, status_codes_expected_result, status_codes_actual_result):\n        http_codes = self.get_missing_items(status_codes_expected_result, status_codes_actual_result)\n        msg = \"\"\n    \n        if not http_codes:\n            msg = f\"Some job links from scraper do not return 200 http status code: {http_codes}\"\n            allure.step(msg)\n    \n        if not status_codes_expected_result and not status_codes_actual_result:\n            msg = f\"Scraper is not grabbing any job links\"\n            allure.step(msg)\n            raise AssertionError(msg)\n    \n        if not msg:\n            msg = f\"An unexpected error occured {status_codes_expected_result} {status_codes_actual_result}\"\n>       assert status_codes_expected_result == status_codes_actual_result, msg\nE       AssertionError: An unexpected error occured [200, 200, 200, 200, 200, 200] [503, 503, 503, 503, 503, 503]\n\ntests/utils.py:168: AssertionError"}, "steps": [{"name": "Step 1: Get job links from the scraper", "status": "passed", "start": 1707628194659, "stop": 1707628194660}, {"name": "Step 2: Check job links for response code", "status": "failed", "statusDetails": {"message": "AssertionError: An unexpected error occured [200, 200, 200, 200, 200, 200] [503, 503, 503, 503, 503, 503]\n", "trace": "  File \"/home/runner/work/RaresTestHub/RaresTestHub/tests/Test_API_Suite/test_htecgroup.py\", line 101, in test_htecgroup_status_code_link_api\n    TestUtils().check_code_job_links(status_codes_expected_result, status_codes_actual_result)\n  File \"/home/runner/work/RaresTestHub/RaresTestHub/tests/utils.py\", line 168, in check_code_job_links\n    assert status_codes_expected_result == status_codes_actual_result, msg\n"}, "attachments": [{"name": "Expected Results", "source": "a1ad5d5d-b7e9-4f3e-ac16-61bdba291bd0-attachment.attach"}, {"name": "Actual Results", "source": "e802e5bd-e269-4a7d-bee4-df6c173a11d8-attachment.attach"}], "start": 1707628194660, "stop": 1707628380446}], "start": 1707628194659, "stop": 1707628380446, "uuid": "933a8fae-8451-428f-a5ee-5b2ee685540b", "historyId": "0d753f80f6f2bb0319ce0d11bb0fa5bd", "testCaseId": "0d753f80f6f2bb0319ce0d11bb0fa5bd", "fullName": "Test_API_Suite.test_htecgroup#test_htecgroup_status_code_link_api", "labels": [{"name": "tag", "value": "API"}, {"name": "tag", "value": "regression"}, {"name": "parentSuite", "value": "Test_API_Suite"}, {"name": "suite", "value": "test_htecgroup"}, {"name": "host", "value": "fv-az1117-536"}, {"name": "thread", "value": "1946-MainThread"}, {"name": "framework", "value": "pytest"}, {"name": "language", "value": "cpython3"}, {"name": "package", "value": "Test_API_Suite.test_htecgroup"}]}