{"name": "Test http code response on job links for allengra website", "status": "failed", "statusDetails": {"message": "AssertionError: Scraper is not grabbing any job links", "trace": "get_job_details = (([], [], [], [], []), ([], [], [], [], [], []))\n\n    @pytest.mark.regression\n    @pytest.mark.API\n    def test_allengra_status_code_link_api(get_job_details):\n        allure.dynamic.title(f\"Test http code response on job links for {company_name} website\")\n    \n        scraped_jobs_data, peviitor_jobs_data = get_job_details\n        with allure.step(\"Step 1: Get job links from the scraper\"):\n            job_links_scraper = sorted(scraped_jobs_data[3])\n    \n        with allure.step(\"Step 2: Check job links for response code\"):\n            status_codes_expected_result = [200] * len(job_links_scraper)\n            status_codes_actual_result = [requests.get(link).status_code for link in job_links_scraper]\n            allure.attach(f\"Expected Results: {status_codes_expected_result}\", name=\"Expected Results\")\n            allure.attach(f\"Actual Results: {status_codes_actual_result}\", name=\"Actual Results\")\n>           TestUtils().check_code_job_links(status_codes_expected_result, status_codes_actual_result)\n\ntests/Test_API_Suite/test_allengra.py:109: \n_ _ _ _ _ _ _ _ _ _ _ _ _ _ _ _ _ _ _ _ _ _ _ _ _ _ _ _ _ _ _ _ _ _ _ _ _ _ _ _ \n\nself = <tests.utils.TestUtils object at 0x7f19fa9567d0>\nstatus_codes_expected_result = [], status_codes_actual_result = []\n\n    def check_code_job_links(self, status_codes_expected_result, status_codes_actual_result):\n        http_codes = self.get_missing_items(status_codes_expected_result, status_codes_actual_result)\n        msg = \"\"\n    \n        if not http_codes:\n            msg = f\"Some job links from scraper do not return 200 http status code: {http_codes}\"\n            allure.step(msg)\n    \n        if not status_codes_expected_result and not status_codes_actual_result:\n            msg = f\"Scraper is not grabbing any job links\"\n            allure.step(msg)\n>           raise AssertionError(msg)\nE           AssertionError: Scraper is not grabbing any job links\n\ntests/utils.py:264: AssertionError"}, "steps": [{"name": "Step 1: Get job links from the scraper", "status": "passed", "start": 1718773857060, "stop": 1718773857060}, {"name": "Step 2: Check job links for response code", "status": "failed", "statusDetails": {"message": "AssertionError: Scraper is not grabbing any job links\n", "trace": "  File \"/home/runner/work/RaresTestHub/RaresTestHub/tests/Test_API_Suite/test_allengra.py\", line 109, in test_allengra_status_code_link_api\n    TestUtils().check_code_job_links(status_codes_expected_result, status_codes_actual_result)\n  File \"/home/runner/work/RaresTestHub/RaresTestHub/tests/utils.py\", line 264, in check_code_job_links\n    raise AssertionError(msg)\n"}, "attachments": [{"name": "Expected Results", "source": "82b97dea-7e97-4018-abce-a41531fe11f0-attachment.attach"}, {"name": "Actual Results", "source": "14f5d27a-71d0-4336-bd46-a981c8b62f5b-attachment.attach"}], "start": 1718773857060, "stop": 1718773857060}], "start": 1718773857059, "stop": 1718773857060, "uuid": "af5d1d8e-f605-45bb-9c29-5e782dd79753", "historyId": "8d4f549a94f104b05265b5619f57f034", "testCaseId": "8d4f549a94f104b05265b5619f57f034", "fullName": "Test_API_Suite.test_allengra#test_allengra_status_code_link_api", "labels": [{"name": "tag", "value": "API"}, {"name": "tag", "value": "regression"}, {"name": "parentSuite", "value": "Test_API_Suite"}, {"name": "suite", "value": "test_allengra"}, {"name": "host", "value": "fv-az779-853"}, {"name": "thread", "value": "2227-MainThread"}, {"name": "framework", "value": "pytest"}, {"name": "language", "value": "cpython3"}, {"name": "package", "value": "Test_API_Suite.test_allengra"}]}