{"name": "Test http code response on job links for dualit website", "status": "failed", "statusDetails": {"message": "AssertionError: Some job links from scraper do not return 200 http status code: []", "trace": "get_job_details = ((['Frontend Developer', 'Java Developer', 'Python With Node Js Backend Developer', 'Backend Java Developer', 'Ui/Ux D...lit', 'Dualit', 'Dualit', 'Dualit', 'Dualit', ...], ['remote', 'remote', 'remote', 'remote', 'remote', 'remote', ...]))\n\n    @pytest.mark.regression\n    @pytest.mark.API\n    def test_dualit_status_code_link_api(get_job_details):\n        allure.dynamic.title(f\"Test http code response on job links for {company_name} website\")\n    \n        scraped_jobs_data, peviitor_jobs_data = get_job_details\n        with allure.step(\"Step 1: Get job links from the scraper\"):\n            job_links_scraper = sorted(scraped_jobs_data[3])\n    \n        with allure.step(\"Step 2: Check job links for response code\"):\n            status_codes_expected_result = [200] * len(job_links_scraper)\n            status_codes_actual_result = [requests.get(link).status_code for link in job_links_scraper]\n            allure.attach(f\"Expected Results: {status_codes_expected_result}\", name=\"Expected Results\")\n            allure.attach(f\"Actual Results: {status_codes_actual_result}\", name=\"Actual Results\")\n>           TestUtils().check_code_job_links(status_codes_expected_result, status_codes_actual_result)\n\ntests/Test_API_Suite/test_dualit.py:107: \n_ _ _ _ _ _ _ _ _ _ _ _ _ _ _ _ _ _ _ _ _ _ _ _ _ _ _ _ _ _ _ _ _ _ _ _ _ _ _ _ \n\nself = <tests.utils.TestUtils object at 0x7f3248599660>\nstatus_codes_expected_result = [200, 200, 200, 200, 200, 200, ...]\nstatus_codes_actual_result = [200, 200, 200, 200, 200, 200, ...]\n\n    def check_code_job_links(self, status_codes_expected_result, status_codes_actual_result):\n        http_codes = self.get_missing_items(status_codes_expected_result, status_codes_actual_result)\n        msg = \"\"\n    \n        if not http_codes:\n            msg = f\"Some job links from scraper do not return 200 http status code: {http_codes}\"\n            allure.step(msg)\n    \n        if not status_codes_expected_result and not status_codes_actual_result:\n            msg = f\"Scraper is not grabbing any job links\"\n            allure.step(msg)\n            raise AssertionError(msg)\n    \n        if not msg:\n            msg = f\"An unexpected error occured {status_codes_expected_result} {status_codes_actual_result}\"\n>       assert status_codes_expected_result == status_codes_actual_result, msg\nE       AssertionError: Some job links from scraper do not return 200 http status code: []\n\ntests/utils.py:268: AssertionError"}, "steps": [{"name": "Step 1: Get job links from the scraper", "status": "passed", "start": 1719292286758, "stop": 1719292286758}, {"name": "Step 2: Check job links for response code", "status": "failed", "statusDetails": {"message": "AssertionError: Some job links from scraper do not return 200 http status code: []\n", "trace": "  File \"/home/runner/work/RaresTestHub/RaresTestHub/tests/Test_API_Suite/test_dualit.py\", line 107, in test_dualit_status_code_link_api\n    TestUtils().check_code_job_links(status_codes_expected_result, status_codes_actual_result)\n  File \"/home/runner/work/RaresTestHub/RaresTestHub/tests/utils.py\", line 268, in check_code_job_links\n    assert status_codes_expected_result == status_codes_actual_result, msg\n"}, "attachments": [{"name": "Expected Results", "source": "5e0f9bed-1fa4-4c34-8515-e7c02d28e405-attachment.attach"}, {"name": "Actual Results", "source": "085f8924-b96f-44a8-bcc5-e89781f09613-attachment.attach"}], "start": 1719292286758, "stop": 1719292309991}], "start": 1719292286758, "stop": 1719292309992, "uuid": "6834672d-e885-4df1-893d-c33809b013d4", "historyId": "6be9ea58e7ed53404f981fa67e28572f", "testCaseId": "6be9ea58e7ed53404f981fa67e28572f", "fullName": "Test_API_Suite.test_dualit#test_dualit_status_code_link_api", "labels": [{"name": "tag", "value": "API"}, {"name": "tag", "value": "regression"}, {"name": "parentSuite", "value": "Test_API_Suite"}, {"name": "suite", "value": "test_dualit"}, {"name": "host", "value": "fv-az913-223"}, {"name": "thread", "value": "2214-MainThread"}, {"name": "framework", "value": "pytest"}, {"name": "language", "value": "cpython3"}, {"name": "package", "value": "Test_API_Suite.test_dualit"}]}