{"name": "Test http code response on job links for cargus website", "status": "failed", "statusDetails": {"message": "AssertionError: Some job links from scraper do not return 200 http status code: []", "trace": "get_job_details = ((['Cargus caută curier/șofer/livratori cu autoutilitare proprii', 'Telesales Executive – Bucuresti/Ilfov', 'Team Lead...es/', 'https://www.cargus.ro/cariere/teamleader/'], ['Cargus', 'Cargus', 'Cargus'], ['On-site', 'On-site', 'On-site']))\n\n    @pytest.mark.regression\n    @pytest.mark.API\n    def test_cargus_status_code_link_api(get_job_details):\n        allure.dynamic.title(f\"Test http code response on job links for {company_name} website\")\n    \n        scraped_jobs_data, peviitor_jobs_data = get_job_details\n        with allure.step(\"Step 1: Get job links from the scraper\"):\n            job_links_scraper = sorted(scraped_jobs_data[3])\n    \n        with allure.step(\"Step 2: Check job links for response code\"):\n            status_codes_expected_result = [200] * len(job_links_scraper)\n            status_codes_actual_result = [requests.get(link).status_code for link in job_links_scraper]\n            allure.attach(f\"Expected Results: {status_codes_expected_result}\", name=\"Expected Results\")\n            allure.attach(f\"Actual Results: {status_codes_actual_result}\", name=\"Actual Results\")\n>           TestUtils().check_code_job_links(status_codes_expected_result, status_codes_actual_result)\n\ntests/Test_API_Suite/test_cargus.py:107: \n_ _ _ _ _ _ _ _ _ _ _ _ _ _ _ _ _ _ _ _ _ _ _ _ _ _ _ _ _ _ _ _ _ _ _ _ _ _ _ _ \n\nself = <tests.utils.TestUtils object at 0x7f9eea561a50>\nstatus_codes_expected_result = [200, 200, 200]\nstatus_codes_actual_result = [403, 200, 200]\n\n    def check_code_job_links(self, status_codes_expected_result, status_codes_actual_result):\n        http_codes = self.get_missing_items(status_codes_expected_result, status_codes_actual_result)\n        msg = \"\"\n    \n        if not http_codes:\n            msg = f\"Some job links from scraper do not return 200 http status code: {http_codes}\"\n            allure.step(msg)\n    \n        if not status_codes_expected_result and not status_codes_actual_result:\n            msg = f\"Scraper is not grabbing any job links\"\n            allure.step(msg)\n            raise AssertionError(msg)\n    \n        if not msg:\n            msg = f\"An unexpected error occured {status_codes_expected_result} {status_codes_actual_result}\"\n>       assert status_codes_expected_result == status_codes_actual_result, msg\nE       AssertionError: Some job links from scraper do not return 200 http status code: []\n\ntests/utils.py:268: AssertionError"}, "steps": [{"name": "Step 1: Get job links from the scraper", "status": "passed", "start": 1713503435187, "stop": 1713503435187}, {"name": "Step 2: Check job links for response code", "status": "failed", "statusDetails": {"message": "AssertionError: Some job links from scraper do not return 200 http status code: []\n", "trace": "  File \"/home/runner/work/RaresTestHub/RaresTestHub/tests/Test_API_Suite/test_cargus.py\", line 107, in test_cargus_status_code_link_api\n    TestUtils().check_code_job_links(status_codes_expected_result, status_codes_actual_result)\n  File \"/home/runner/work/RaresTestHub/RaresTestHub/tests/utils.py\", line 268, in check_code_job_links\n    assert status_codes_expected_result == status_codes_actual_result, msg\n"}, "attachments": [{"name": "Expected Results", "source": "af1513cc-2901-4f1b-9dfa-9aee27d77b9b-attachment.attach"}, {"name": "Actual Results", "source": "c164e853-75dc-43dd-95ec-89c99c07fd6d-attachment.attach"}], "start": 1713503435187, "stop": 1713503436810}], "start": 1713503435187, "stop": 1713503436811, "uuid": "cb92b59d-b6da-4b0f-9fcf-76598d5fa72f", "historyId": "7122bde1814c950229c7ef703ac85803", "testCaseId": "7122bde1814c950229c7ef703ac85803", "fullName": "Test_API_Suite.test_cargus#test_cargus_status_code_link_api", "labels": [{"name": "tag", "value": "API"}, {"name": "tag", "value": "regression"}, {"name": "parentSuite", "value": "Test_API_Suite"}, {"name": "suite", "value": "test_cargus"}, {"name": "host", "value": "fv-az1492-498"}, {"name": "thread", "value": "2149-MainThread"}, {"name": "framework", "value": "pytest"}, {"name": "language", "value": "cpython3"}, {"name": "package", "value": "Test_API_Suite.test_cargus"}]}