{"name": "Test http code response on job links for casaautoiasi website", "status": "failed", "statusDetails": {"message": "AssertionError: An unexpected error occured [200, 200, 200, 200, 200, 200, 200] [403, 403, 403, 403, 403, 403, 403]", "trace": "get_job_details = ((['CONSULTANT VÂNZĂRI AUTO', 'CONSILIER RECEPŢIE SERVICE', 'RESPONSABIL PIESE', 'CONSILIER VÂNZĂRI PIESE ŞI ACCESORII...casaautoiasi.ro/cariere/#4', 'https://www.casaautoiasi.ro/cariere/#5', 'https://www.casaautoiasi.ro/cariere/#6', ...]))\n\n    @pytest.mark.regression\n    @pytest.mark.API\n    def test_casaautoiasi_status_code_link_api(get_job_details):\n        allure.dynamic.title(f\"Test http code response on job links for {company_name} website\")\n    \n        scraped_jobs_data, peviitor_jobs_data = get_job_details\n        with allure.step(\"Step 1: Get job links from the scraper\"):\n            job_links_scraper = sorted(scraped_jobs_data[3])\n    \n        with allure.step(\"Step 2: Check job links for response code\"):\n            status_codes_expected_result = [200] * len(job_links_scraper)\n            status_codes_actual_result = [requests.get(link).status_code for link in job_links_scraper]\n            allure.attach(f\"Expected Results: {status_codes_expected_result}\", name=\"Expected Results\")\n            allure.attach(f\"Actual Results: {status_codes_actual_result}\", name=\"Actual Results\")\n>           TestUtils().check_code_job_links(status_codes_expected_result, status_codes_actual_result)\n\ntests/Test_API_Suite/test_casaautoiasi.py:101: \n_ _ _ _ _ _ _ _ _ _ _ _ _ _ _ _ _ _ _ _ _ _ _ _ _ _ _ _ _ _ _ _ _ _ _ _ _ _ _ _ \n\nself = <tests.utils.TestUtils object at 0x7f6913da4550>\nstatus_codes_expected_result = [200, 200, 200, 200, 200, 200, ...]\nstatus_codes_actual_result = [403, 403, 403, 403, 403, 403, ...]\n\n    def check_code_job_links(self, status_codes_expected_result, status_codes_actual_result):\n        http_codes = self.get_missing_items(status_codes_expected_result, status_codes_actual_result)\n        msg = \"\"\n    \n        if not http_codes:\n            msg = f\"Some job links from scraper do not return 200 http status code: {http_codes}\"\n            allure.step(msg)\n    \n        if not status_codes_expected_result and not status_codes_actual_result:\n            msg = f\"Scraper is not grabbing any job links\"\n            allure.step(msg)\n            raise AssertionError(msg)\n    \n        if not msg:\n            msg = f\"An unexpected error occured {status_codes_expected_result} {status_codes_actual_result}\"\n>       assert status_codes_expected_result == status_codes_actual_result, msg\nE       AssertionError: An unexpected error occured [200, 200, 200, 200, 200, 200, 200] [403, 403, 403, 403, 403, 403, 403]\n\ntests/utils.py:168: AssertionError"}, "steps": [{"name": "Step 1: Get job links from the scraper", "status": "passed", "start": 1711084231276, "stop": 1711084231276}, {"name": "Step 2: Check job links for response code", "status": "failed", "statusDetails": {"message": "AssertionError: An unexpected error occured [200, 200, 200, 200, 200, 200, 200] [403, 403, 403, 403, 403, 403, 403]\n", "trace": "  File \"/home/runner/work/RaresTestHub/RaresTestHub/tests/Test_API_Suite/test_casaautoiasi.py\", line 101, in test_casaautoiasi_status_code_link_api\n    TestUtils().check_code_job_links(status_codes_expected_result, status_codes_actual_result)\n  File \"/home/runner/work/RaresTestHub/RaresTestHub/tests/utils.py\", line 168, in check_code_job_links\n    assert status_codes_expected_result == status_codes_actual_result, msg\n"}, "attachments": [{"name": "Expected Results", "source": "51f812e7-17aa-4310-be7e-d24428eac798-attachment.attach"}, {"name": "Actual Results", "source": "5d300e9b-02ba-4527-b763-b9035a8e91ed-attachment.attach"}], "start": 1711084231276, "stop": 1711084234186}], "start": 1711084231276, "stop": 1711084234187, "uuid": "46b66723-6f31-45fc-8dfa-6f8139d2c22a", "historyId": "8a3084d55dd7eadda916505874812c07", "testCaseId": "8a3084d55dd7eadda916505874812c07", "fullName": "Test_API_Suite.test_casaautoiasi#test_casaautoiasi_status_code_link_api", "labels": [{"name": "tag", "value": "API"}, {"name": "tag", "value": "regression"}, {"name": "parentSuite", "value": "Test_API_Suite"}, {"name": "suite", "value": "test_casaautoiasi"}, {"name": "host", "value": "fv-az1430-538"}, {"name": "thread", "value": "2165-MainThread"}, {"name": "framework", "value": "pytest"}, {"name": "language", "value": "cpython3"}, {"name": "package", "value": "Test_API_Suite.test_casaautoiasi"}]}