{"name": "Test http code response on job links for leier website", "status": "failed", "statusDetails": {"message": "AssertionError: Scraper is not grabbing any job links", "trace": "get_job_details = (([], [], [], [], []), ([], [], [], [], [], []))\n\n    @pytest.mark.regression\n    @pytest.mark.API\n    def test_leier_status_code_link_api(get_job_details):\n        allure.dynamic.title(f\"Test http code response on job links for {company_name} website\")\n    \n        scraped_jobs_data, peviitor_jobs_data = get_job_details\n        with allure.step(\"Step 1: Get job links from the scraper\"):\n            job_links_scraper = sorted(scraped_jobs_data[3])\n    \n        with allure.step(\"Step 2: Check job links for response code\"):\n            status_codes_expected_result = [200] * len(job_links_scraper)\n            status_codes_actual_result = [requests.get(link).status_code for link in job_links_scraper]\n            allure.attach(f\"Expected Results: {status_codes_expected_result}\", name=\"Expected Results\")\n            allure.attach(f\"Actual Results: {status_codes_actual_result}\", name=\"Actual Results\")\n>           TestUtils().check_code_job_links(status_codes_expected_result, status_codes_actual_result)\n\ntests/Test_API_Suite/test_leier.py:107: \n_ _ _ _ _ _ _ _ _ _ _ _ _ _ _ _ _ _ _ _ _ _ _ _ _ _ _ _ _ _ _ _ _ _ _ _ _ _ _ _ \n\nself = <tests.utils.TestUtils object at 0x7fc8fa014880>\nstatus_codes_expected_result = [], status_codes_actual_result = []\n\n    def check_code_job_links(self, status_codes_expected_result, status_codes_actual_result):\n        http_codes = self.get_missing_items(status_codes_expected_result, status_codes_actual_result)\n        msg = \"\"\n    \n        if not http_codes:\n            msg = f\"Some job links from scraper do not return 200 http status code: {http_codes}\"\n            allure.step(msg)\n    \n        if not status_codes_expected_result and not status_codes_actual_result:\n            msg = f\"Scraper is not grabbing any job links\"\n            allure.step(msg)\n>           raise AssertionError(msg)\nE           AssertionError: Scraper is not grabbing any job links\n\ntests/utils.py:264: AssertionError"}, "steps": [{"name": "Step 1: Get job links from the scraper", "status": "passed", "start": 1719378675127, "stop": 1719378675127}, {"name": "Step 2: Check job links for response code", "status": "failed", "statusDetails": {"message": "AssertionError: Scraper is not grabbing any job links\n", "trace": "  File \"/home/runner/work/RaresTestHub/RaresTestHub/tests/Test_API_Suite/test_leier.py\", line 107, in test_leier_status_code_link_api\n    TestUtils().check_code_job_links(status_codes_expected_result, status_codes_actual_result)\n  File \"/home/runner/work/RaresTestHub/RaresTestHub/tests/utils.py\", line 264, in check_code_job_links\n    raise AssertionError(msg)\n"}, "attachments": [{"name": "Expected Results", "source": "4b0d2b9b-576b-4d63-aaea-91283a547edd-attachment.attach"}, {"name": "Actual Results", "source": "9471cc6f-94e0-435c-a384-5d6168a31a34-attachment.attach"}], "start": 1719378675127, "stop": 1719378675127}], "start": 1719378675127, "stop": 1719378675127, "uuid": "6d4ad7c9-550c-4152-bb8c-05db60fbe3d0", "historyId": "0afd71592cc46d5944afe615464b2e44", "testCaseId": "0afd71592cc46d5944afe615464b2e44", "fullName": "Test_API_Suite.test_leier#test_leier_status_code_link_api", "labels": [{"name": "tag", "value": "API"}, {"name": "tag", "value": "regression"}, {"name": "parentSuite", "value": "Test_API_Suite"}, {"name": "suite", "value": "test_leier"}, {"name": "host", "value": "fv-az2033-261"}, {"name": "thread", "value": "2189-MainThread"}, {"name": "framework", "value": "pytest"}, {"name": "language", "value": "cpython3"}, {"name": "package", "value": "Test_API_Suite.test_leier"}]}